{
  "RSpec": {
    "coverage": {
      "/Users/joaoabbott-gribben/projects/wk8/acebook-Justice_Moo/app/helpers/application_helper.rb": [
        1,
        null
      ],
      "/Users/joaoabbott-gribben/projects/wk8/acebook-Justice_Moo/app/controllers/posts_controller.rb": [
        1,
        1,
        2,
        null,
        null,
        1,
        3,
        3,
        null,
        null,
        1,
        3,
        null,
        null,
        1,
        null,
        1,
        3,
        null,
        null
      ],
      "/Users/joaoabbott-gribben/projects/wk8/acebook-Justice_Moo/app/controllers/application_controller.rb": [
        1,
        1,
        null
      ],
      "/Users/joaoabbott-gribben/projects/wk8/acebook-Justice_Moo/app/models/post.rb": [
        1,
        null
      ],
      "/Users/joaoabbott-gribben/projects/wk8/acebook-Justice_Moo/app/models/application_record.rb": [
        1,
        1,
        null
      ],
      "/Users/joaoabbott-gribben/projects/wk8/acebook-Justice_Moo/app/mailers/application_mailer.rb": [
        0,
        0,
        0,
        0
      ],
      "/Users/joaoabbott-gribben/projects/wk8/acebook-Justice_Moo/app/jobs/application_job.rb": [
        0,
        0
      ],
      "/Users/joaoabbott-gribben/projects/wk8/acebook-Justice_Moo/app/channels/application_cable/connection.rb": [
        0,
        0,
        0,
        0
      ],
      "/Users/joaoabbott-gribben/projects/wk8/acebook-Justice_Moo/app/channels/application_cable/channel.rb": [
        0,
        0,
        0,
        0
      ]
    },
    "timestamp": 1548848780
  }
}
